{"/Users/oswaldinho24k/Documents/tries/testing/nextapp/components/Button/Button.js": {"path":"/Users/oswaldinho24k/Documents/tries/testing/nextapp/components/Button/Button.js","statementMap":{"0":{"start":{"line":15,"column":15},"end":{"line":21,"column":1}},"1":{"start":{"line":16,"column":2},"end":{"line":20,"column":3}},"2":{"start":{"line":23,"column":0},"end":{"line":25,"column":1}},"3":{"start":{"line":27,"column":0},"end":{"line":40,"column":1}}},"fnMap":{"0":{"name":"(anonymous_0)","decl":{"start":{"line":15,"column":15},"end":{"line":15,"column":16}},"loc":{"start":{"line":15,"column":50},"end":{"line":21,"column":1}},"line":15}},"branchMap":{},"s":{"0":2,"1":4,"2":2,"3":2},"f":{"0":4},"b":{},"_coverageSchema":"1a1c01bbd47fc00a2c39e90264f33305004495a9","hash":"6dba416d9abd451b9ab30f511026947b4ae117ed"}
,"/Users/oswaldinho24k/Documents/tries/testing/nextapp/pages/index.js": {"path":"/Users/oswaldinho24k/Documents/tries/testing/nextapp/pages/index.js","statementMap":{"0":{"start":{"line":4,"column":14},"end":{"line":21,"column":1}},"1":{"start":{"line":5,"column":26},"end":{"line":5,"column":38}},"2":{"start":{"line":7,"column":22},"end":{"line":9,"column":3}},"3":{"start":{"line":8,"column":4},"end":{"line":8,"column":36}},"4":{"start":{"line":11,"column":2},"end":{"line":20,"column":3}}},"fnMap":{"0":{"name":"(anonymous_0)","decl":{"start":{"line":4,"column":14},"end":{"line":4,"column":15}},"loc":{"start":{"line":4,"column":20},"end":{"line":21,"column":1}},"line":4},"1":{"name":"(anonymous_1)","decl":{"start":{"line":7,"column":22},"end":{"line":7,"column":23}},"loc":{"start":{"line":7,"column":28},"end":{"line":9,"column":3}},"line":7}},"branchMap":{},"s":{"0":1,"1":4,"2":4,"3":1,"4":4},"f":{"0":4,"1":1},"b":{},"_coverageSchema":"1a1c01bbd47fc00a2c39e90264f33305004495a9","hash":"c2bcc105c4bd4939e61805c6196538c71b6017c0"}
}
